# JRE version: OpenJDK Runtime Environment (24.0.1+9) (build 24.0.1+9-30)
# Java VM: OpenJDK 64-Bit Server VM (24.0.1+9-30, mixed mode, sharing, tiered, compressed oops, compressed class ptrs, g1 gc, windows-amd64)
GC Precious Log:
 CardTable entry size: 512
 Card Set container configuration: InlinePtr #cards 4 size 8 Array Of Cards #cards 16 size 48 Howl #buckets 8 coarsen threshold 3686 Howl Bitmap #cards 512 size 80 coarsen threshold 460 Card regions per heap region 1 cards per card region 4096
 CPUs: 16 total, 16 available
 Memory: 16068M
 Large Page Support: Disabled
 NUMA Support: Disabled
 Compressed Oops: Enabled (Zero based)
 Heap Region Size: 2M
 Heap Min Capacity: 8M
 Heap Initial Capacity: 252M
 Heap Max Capacity: 4018M
 Pre-touch: Disabled
 Parallel Workers: 13
 Concurrent Workers: 3
 Concurrent Refinement Workers: 13
 Periodic GC: Disabled
Heap:
 garbage-first heap   total reserved 4114432K, committed 215040K, used 126586K [0x0000000704e00000, 0x0000000800000000)
  region size 2048K, 36 young (73728K), 7 survivors (14336K)
 Metaspace       used 116149K, committed 116928K, reserved 1179648K
  class space    used 11432K, committed 11712K, reserved 1048576K
GC Heap History (20 events):
Event: 26.450 GC heap before
{Heap before GC invocations=33 (full 0):
 garbage-first heap   total reserved 4114432K, committed 147456K, used 122784K [0x0000000704e00000, 0x0000000800000000)
  region size 2048K, 43 young (88064K), 4 survivors (8192K)
 Metaspace       used 86177K, committed 86848K, reserved 1179648K
  class space    used 8355K, committed 8640K, reserved 1048576K
}
Event: 26.459 GC heap after
{Heap after GC invocations=34 (full 0):
 garbage-first heap   total reserved 4114432K, committed 147456K, used 44097K [0x0000000704e00000, 0x0000000800000000)
  region size 2048K, 3 young (6144K), 3 survivors (6144K)
 Metaspace       used 86177K, committed 86848K, reserved 1179648K
  class space    used 8355K, committed 8640K, reserved 1048576K
}
Event: 27.017 GC heap before
{Heap before GC invocations=34 (full 0):
 garbage-first heap   total reserved 4114432K, committed 147456K, used 126017K [0x0000000704e00000, 0x0000000800000000)
  region size 2048K, 43 young (88064K), 3 survivors (6144K)
 Metaspace       used 91117K, committed 91712K, reserved 1179648K
  class space    used 8886K, committed 9152K, reserved 1048576K
}
Event: 27.025 GC heap after
{Heap after GC invocations=35 (full 0):
 garbage-first heap   total reserved 4114432K, committed 147456K, used 44529K [0x0000000704e00000, 0x0000000800000000)
  region size 2048K, 3 young (6144K), 3 survivors (6144K)
 Metaspace       used 91117K, committed 91712K, reserved 1179648K
  class space    used 8886K, committed 9152K, reserved 1048576K
}
Event: 27.503 GC heap before
{Heap before GC invocations=35 (full 0):
 garbage-first heap   total reserved 4114432K, committed 147456K, used 126449K [0x0000000704e00000, 0x0000000800000000)
  region size 2048K, 43 young (88064K), 3 survivors (6144K)
 Metaspace       used 94909K, committed 95488K, reserved 1179648K
  class space    used 9226K, committed 9472K, reserved 1048576K
}
Event: 27.512 GC heap after
{Heap after GC invocations=36 (full 0):
 garbage-first heap   total reserved 4114432K, committed 178176K, used 46577K [0x0000000704e00000, 0x0000000800000000)
  region size 2048K, 4 young (8192K), 4 survivors (8192K)
 Metaspace       used 94909K, committed 95488K, reserved 1179648K
  class space    used 9226K, committed 9472K, reserved 1048576K
}
Event: 28.175 GC heap before
{Heap before GC invocations=36 (full 0):
 garbage-first heap   total reserved 4114432K, committed 178176K, used 144881K [0x0000000704e00000, 0x0000000800000000)
  region size 2048K, 52 young (106496K), 4 survivors (8192K)
 Metaspace       used 99663K, committed 100288K, reserved 1179648K
  class space    used 9703K, committed 9984K, reserved 1048576K
}
Event: 28.184 GC heap after
{Heap after GC invocations=37 (full 0):
 garbage-first heap   total reserved 4114432K, committed 178176K, used 48600K [0x0000000704e00000, 0x0000000800000000)
  region size 2048K, 5 young (10240K), 5 survivors (10240K)
 Metaspace       used 99663K, committed 100288K, reserved 1179648K
  class space    used 9703K, committed 9984K, reserved 1048576K
}
Event: 29.396 GC heap before
{Heap before GC invocations=37 (full 0):
 garbage-first heap   total reserved 4114432K, committed 178176K, used 142808K [0x0000000704e00000, 0x0000000800000000)
  region size 2048K, 52 young (106496K), 5 survivors (10240K)
 Metaspace       used 103780K, committed 104448K, reserved 1179648K
  class space    used 10292K, committed 10560K, reserved 1048576K
}
Event: 29.407 GC heap after
{Heap after GC invocations=38 (full 0):
 garbage-first heap   total reserved 4114432K, committed 178176K, used 49069K [0x0000000704e00000, 0x0000000800000000)
  region size 2048K, 4 young (8192K), 4 survivors (8192K)
 Metaspace       used 103780K, committed 104448K, reserved 1179648K
  class space    used 10292K, committed 10560K, reserved 1048576K
}
Event: 31.083 GC heap before
{Heap before GC invocations=38 (full 0):
 garbage-first heap   total reserved 4114432K, committed 178176K, used 147373K [0x0000000704e00000, 0x0000000800000000)
  region size 2048K, 52 young (106496K), 4 survivors (8192K)
 Metaspace       used 107079K, committed 107776K, reserved 1179648K
  class space    used 10666K, committed 10944K, reserved 1048576K
}
Event: 31.101 GC heap after
{Heap after GC invocations=39 (full 0):
 garbage-first heap   total reserved 4114432K, committed 178176K, used 52926K [0x0000000704e00000, 0x0000000800000000)
  region size 2048K, 6 young (12288K), 6 survivors (12288K)
 Metaspace       used 107079K, committed 107776K, reserved 1179648K
  class space    used 10666K, committed 10944K, reserved 1048576K
}
Event: 36.860 GC heap before
{Heap before GC invocations=39 (full 0):
 garbage-first heap   total reserved 4114432K, committed 178176K, used 147134K [0x0000000704e00000, 0x0000000800000000)
  region size 2048K, 52 young (106496K), 6 survivors (12288K)
 Metaspace       used 110028K, committed 110656K, reserved 1179648K
  class space    used 10875K, committed 11136K, reserved 1048576K
}
Event: 36.882 GC heap after
{Heap after GC invocations=40 (full 0):
 garbage-first heap   total reserved 4114432K, committed 178176K, used 56567K [0x0000000704e00000, 0x0000000800000000)
  region size 2048K, 6 young (12288K), 6 survivors (12288K)
 Metaspace       used 110028K, committed 110656K, reserved 1179648K
  class space    used 10875K, committed 11136K, reserved 1048576K
}
Event: 38.913 GC heap before
{Heap before GC invocations=40 (full 0):
 garbage-first heap   total reserved 4114432K, committed 178176K, used 150775K [0x0000000704e00000, 0x0000000800000000)
  region size 2048K, 52 young (106496K), 6 survivors (12288K)
 Metaspace       used 112598K, committed 113280K, reserved 1179648K
  class space    used 11118K, committed 11392K, reserved 1048576K
}
Event: 38.939 GC heap after
{Heap after GC invocations=41 (full 0):
 garbage-first heap   total reserved 4114432K, committed 178176K, used 60778K [0x0000000704e00000, 0x0000000800000000)
  region size 2048K, 6 young (12288K), 6 survivors (12288K)
 Metaspace       used 112598K, committed 113280K, reserved 1179648K
  class space    used 11118K, committed 11392K, reserved 1048576K
}
Event: 41.051 GC heap before
{Heap before GC invocations=41 (full 0):
 garbage-first heap   total reserved 4114432K, committed 178176K, used 154986K [0x0000000704e00000, 0x0000000800000000)
  region size 2048K, 52 young (106496K), 6 survivors (12288K)
 Metaspace       used 114194K, committed 114944K, reserved 1179648K
  class space    used 11278K, committed 11584K, reserved 1048576K
}
Event: 41.069 GC heap after
{Heap after GC invocations=42 (full 0):
 garbage-first heap   total reserved 4114432K, committed 215040K, used 62440K [0x0000000704e00000, 0x0000000800000000)
  region size 2048K, 6 young (12288K), 6 survivors (12288K)
 Metaspace       used 114194K, committed 114944K, reserved 1179648K
  class space    used 11278K, committed 11584K, reserved 1048576K
}
Event: 47.477 GC heap before
{Heap before GC invocations=42 (full 0):
 garbage-first heap   total reserved 4114432K, committed 215040K, used 179176K [0x0000000704e00000, 0x0000000800000000)
  region size 2048K, 63 young (129024K), 6 survivors (12288K)
 Metaspace       used 115418K, committed 116160K, reserved 1179648K
  class space    used 11356K, committed 11648K, reserved 1048576K
}
Event: 47.505 GC heap after
{Heap after GC invocations=43 (full 0):
 garbage-first heap   total reserved 4114432K, committed 215040K, used 69242K [0x0000000704e00000, 0x0000000800000000)
  region size 2048K, 7 young (14336K), 7 survivors (14336K)
 Metaspace       used 115418K, committed 116160K, reserved 1179648K
  class space    used 11356K, committed 11648K, reserved 1048576K
}

